<?xml version="1.0" encoding="UTF-8"?>
<!-- Generated by org.testng.reporters.JUnitReportReporter -->
<testsuite hostname="BLRW3005354" name="TestNG.TestCase" tests="1" failures="0" timestamp="29 Apr 2017 14:19:40 GMT" time="19.357" errors="0">
  <testcase name="Browser" time="19.357" classname="TestNG.TestCase"/>
</testsuite> <!-- TestNG.TestCase -->
